2024-11-12T01:28:37.406+0100 [DEBUG] [org.gradle.launcher.daemon.bootstrap.DaemonMain] Assuming the daemon was started with following jvm opts: [--add-opens=java.base/java.util=ALL-UNNAMED, --add-opens=java.base/java.lang=ALL-UNNAMED, --add-opens=java.base/java.lang.invoke=ALL-UNNAMED, --add-opens=java.prefs/java.util.prefs=ALL-UNNAMED, --add-exports=jdk.compiler/com.sun.tools.javac.api=ALL-UNNAMED, --add-exports=jdk.compiler/com.sun.tools.javac.util=ALL-UNNAMED, --add-opens=java.base/java.nio.charset=ALL-UNNAMED, --add-opens=java.base/java.net=ALL-UNNAMED, --add-opens=java.base/java.util.concurrent.atomic=ALL-UNNAMED, -Xmx2048m, -Dfile.encoding=UTF-8, -Duser.country=ES, -Duser.language=es, -Duser.variant]
2024-11-12T01:28:37.915+0100 [DEBUG] [org.gradle.internal.nativeintegration.services.NativeServices] Native-platform posix files integration is not available. Continuing with fallback.
2024-11-12T01:28:37.976+0100 [INFO] [org.gradle.launcher.daemon.server.Daemon] start() called on daemon - DefaultDaemonContext[uid=0568873f-9fac-4ba0-9f67-2ff720232960,javaHome=D:\AndroidStudio\jbr,javaVersion=21,daemonRegistryDir=C:\Users\Caaar\Desktop\Scanner\daemon,pid=20488,idleTimeout=10800000,priority=NORMAL,applyInstrumentationAgent=true,nativeServicesMode=ENABLED,daemonOpts=--add-opens=java.base/java.util=ALL-UNNAMED,--add-opens=java.base/java.lang=ALL-UNNAMED,--add-opens=java.base/java.lang.invoke=ALL-UNNAMED,--add-opens=java.prefs/java.util.prefs=ALL-UNNAMED,--add-exports=jdk.compiler/com.sun.tools.javac.api=ALL-UNNAMED,--add-exports=jdk.compiler/com.sun.tools.javac.util=ALL-UNNAMED,--add-opens=java.base/java.nio.charset=ALL-UNNAMED,--add-opens=java.base/java.net=ALL-UNNAMED,--add-opens=java.base/java.util.concurrent.atomic=ALL-UNNAMED,-Xmx2048m,-Dfile.encoding=UTF-8,-Duser.country=ES,-Duser.language=es,-Duser.variant]
2024-11-12T01:28:38.128+0100 [DEBUG] [org.gradle.internal.remote.internal.inet.InetAddresses] Adding IP addresses for network interface Realtek Gaming GBE Family Controller-WFP Native MAC Layer LightWeight Filter-0000
2024-11-12T01:28:38.129+0100 [DEBUG] [org.gradle.internal.remote.internal.inet.InetAddresses] Is this a loopback interface? false
2024-11-12T01:28:38.130+0100 [DEBUG] [org.gradle.internal.remote.internal.inet.InetAddresses] Adding IP addresses for network interface Realtek Gaming GBE Family Controller-Realtek NDIS LightWeight Filter (NDIS 6.40)-0000
2024-11-12T01:28:38.131+0100 [DEBUG] [org.gradle.internal.remote.internal.inet.InetAddresses] Is this a loopback interface? false
2024-11-12T01:28:38.131+0100 [DEBUG] [org.gradle.internal.remote.internal.inet.InetAddresses] Adding IP addresses for network interface Realtek Gaming GBE Family Controller-QoS Packet Scheduler-0000
2024-11-12T01:28:38.132+0100 [DEBUG] [org.gradle.internal.remote.internal.inet.InetAddresses] Is this a loopback interface? false
2024-11-12T01:28:38.132+0100 [DEBUG] [org.gradle.internal.remote.internal.inet.InetAddresses] Adding IP addresses for network interface Realtek Gaming GBE Family Controller-WFP 802.3 MAC Layer LightWeight Filter-0000
2024-11-12T01:28:38.133+0100 [DEBUG] [org.gradle.internal.remote.internal.inet.InetAddresses] Is this a loopback interface? false
2024-11-12T01:28:38.134+0100 [DEBUG] [org.gradle.internal.remote.internal.inet.InetAddresses] Adding IP addresses for network interface WAN Miniport (IP)-WFP Native MAC Layer LightWeight Filter-0000
2024-11-12T01:28:38.134+0100 [DEBUG] [org.gradle.internal.remote.internal.inet.InetAddresses] Is this a loopback interface? false
2024-11-12T01:28:38.135+0100 [DEBUG] [org.gradle.internal.remote.internal.inet.InetAddresses] Adding IP addresses for network interface WAN Miniport (IP)-Realtek NDIS LightWeight Filter (NDIS 6.40)-0000
2024-11-12T01:28:38.135+0100 [DEBUG] [org.gradle.internal.remote.internal.inet.InetAddresses] Is this a loopback interface? false
2024-11-12T01:28:38.136+0100 [DEBUG] [org.gradle.internal.remote.internal.inet.InetAddresses] Adding IP addresses for network interface WAN Miniport (IP)-QoS Packet Scheduler-0000
2024-11-12T01:28:38.136+0100 [DEBUG] [org.gradle.internal.remote.internal.inet.InetAddresses] Is this a loopback interface? false
2024-11-12T01:28:38.137+0100 [DEBUG] [org.gradle.internal.remote.internal.inet.InetAddresses] Adding IP addresses for network interface WAN Miniport (IPv6)-WFP Native MAC Layer LightWeight Filter-0000
2024-11-12T01:28:38.138+0100 [DEBUG] [org.gradle.internal.remote.internal.inet.InetAddresses] Is this a loopback interface? false
2024-11-12T01:28:38.138+0100 [DEBUG] [org.gradle.internal.remote.internal.inet.InetAddresses] Adding IP addresses for network interface WAN Miniport (IPv6)-Realtek NDIS LightWeight Filter (NDIS 6.40)-0000
2024-11-12T01:28:38.139+0100 [DEBUG] [org.gradle.internal.remote.internal.inet.InetAddresses] Is this a loopback interface? false
2024-11-12T01:28:38.139+0100 [DEBUG] [org.gradle.internal.remote.internal.inet.InetAddresses] Adding IP addresses for network interface WAN Miniport (IPv6)-QoS Packet Scheduler-0000
2024-11-12T01:28:38.140+0100 [DEBUG] [org.gradle.internal.remote.internal.inet.InetAddresses] Is this a loopback interface? false
2024-11-12T01:28:38.141+0100 [DEBUG] [org.gradle.internal.remote.internal.inet.InetAddresses] Adding IP addresses for network interface WAN Miniport (Network Monitor)-WFP Native MAC Layer LightWeight Filter-0000
2024-11-12T01:28:38.141+0100 [DEBUG] [org.gradle.internal.remote.internal.inet.InetAddresses] Is this a loopback interface? false
2024-11-12T01:28:38.142+0100 [DEBUG] [org.gradle.internal.remote.internal.inet.InetAddresses] Adding IP addresses for network interface WAN Miniport (Network Monitor)-Realtek NDIS LightWeight Filter (NDIS 6.40)-0000
2024-11-12T01:28:38.142+0100 [DEBUG] [org.gradle.internal.remote.internal.inet.InetAddresses] Is this a loopback interface? false
2024-11-12T01:28:38.143+0100 [DEBUG] [org.gradle.internal.remote.internal.inet.InetAddresses] Adding IP addresses for network interface WAN Miniport (Network Monitor)-QoS Packet Scheduler-0000
2024-11-12T01:28:38.143+0100 [DEBUG] [org.gradle.internal.remote.internal.inet.InetAddresses] Is this a loopback interface? false
2024-11-12T01:28:38.144+0100 [DEBUG] [org.gradle.internal.remote.internal.inet.InetAddresses] Adding IP addresses for network interface Microsoft Kernel Debug Network Adapter
2024-11-12T01:28:38.144+0100 [DEBUG] [org.gradle.internal.remote.internal.inet.InetAddresses] Is this a loopback interface? false
2024-11-12T01:28:38.145+0100 [DEBUG] [org.gradle.internal.remote.internal.inet.InetAddresses] Adding IP addresses for network interface Realtek Gaming GBE Family Controller
2024-11-12T01:28:38.146+0100 [DEBUG] [org.gradle.internal.remote.internal.inet.InetAddresses] Is this a loopback interface? false
2024-11-12T01:28:38.146+0100 [DEBUG] [org.gradle.internal.remote.internal.inet.InetAddresses] Adding remote address /fe80:0:0:0:44ef:3c9d:19f8:8dd2%ethernet_32769
2024-11-12T01:28:38.147+0100 [DEBUG] [org.gradle.internal.remote.internal.inet.InetAddresses] Adding IP addresses for network interface Bluetooth Device (Personal Area Network)
2024-11-12T01:28:38.147+0100 [DEBUG] [org.gradle.internal.remote.internal.inet.InetAddresses] Is this a loopback interface? false
2024-11-12T01:28:38.148+0100 [DEBUG] [org.gradle.internal.remote.internal.inet.InetAddresses] Adding IP addresses for network interface Bluetooth Device (Personal Area Network) #2
2024-11-12T01:28:38.148+0100 [DEBUG] [org.gradle.internal.remote.internal.inet.InetAddresses] Is this a loopback interface? false
2024-11-12T01:28:38.149+0100 [DEBUG] [org.gradle.internal.remote.internal.inet.InetAddresses] Adding remote address /fe80:0:0:0:3da9:a823:d664:6706%ethernet_32771
2024-11-12T01:28:38.149+0100 [DEBUG] [org.gradle.internal.remote.internal.inet.InetAddresses] Adding IP addresses for network interface WAN Miniport (IP)
2024-11-12T01:28:38.150+0100 [DEBUG] [org.gradle.internal.remote.internal.inet.InetAddresses] Is this a loopback interface? false
2024-11-12T01:28:38.150+0100 [DEBUG] [org.gradle.internal.remote.internal.inet.InetAddresses] Adding IP addresses for network interface WAN Miniport (IPv6)
2024-11-12T01:28:38.151+0100 [DEBUG] [org.gradle.internal.remote.internal.inet.InetAddresses] Is this a loopback interface? false
2024-11-12T01:28:38.151+0100 [DEBUG] [org.gradle.internal.remote.internal.inet.InetAddresses] Adding IP addresses for network interface WAN Miniport (Network Monitor)
2024-11-12T01:28:38.152+0100 [DEBUG] [org.gradle.internal.remote.internal.inet.InetAddresses] Is this a loopback interface? false
2024-11-12T01:28:38.152+0100 [DEBUG] [org.gradle.internal.remote.internal.inet.InetAddresses] Adding IP addresses for network interface WAN Miniport (PPPOE)
2024-11-12T01:28:38.153+0100 [DEBUG] [org.gradle.internal.remote.internal.inet.InetAddresses] Is this a loopback interface? false
2024-11-12T01:28:38.153+0100 [DEBUG] [org.gradle.internal.remote.internal.inet.InetAddresses] Adding IP addresses for network interface Software Loopback Interface 1
2024-11-12T01:28:38.154+0100 [DEBUG] [org.gradle.internal.remote.internal.inet.InetAddresses] Is this a loopback interface? true
2024-11-12T01:28:38.155+0100 [DEBUG] [org.gradle.internal.remote.internal.inet.InetAddresses] Adding loopback address /0:0:0:0:0:0:0:1
2024-11-12T01:28:38.155+0100 [DEBUG] [org.gradle.internal.remote.internal.inet.InetAddresses] Adding loopback address /127.0.0.1
2024-11-12T01:28:38.156+0100 [DEBUG] [org.gradle.internal.remote.internal.inet.InetAddresses] Adding IP addresses for network interface Intel(R) Wireless-AC 9560 160MHz-WFP Native MAC Layer LightWeight Filter-0000
2024-11-12T01:28:38.157+0100 [DEBUG] [org.gradle.internal.remote.internal.inet.InetAddresses] Is this a loopback interface? false
2024-11-12T01:28:38.157+0100 [DEBUG] [org.gradle.internal.remote.internal.inet.InetAddresses] Adding IP addresses for network interface Intel(R) Wireless-AC 9560 160MHz-Virtual WiFi Filter Driver-0000
2024-11-12T01:28:38.158+0100 [DEBUG] [org.gradle.internal.remote.internal.inet.InetAddresses] Is this a loopback interface? false
2024-11-12T01:28:38.158+0100 [DEBUG] [org.gradle.internal.remote.internal.inet.InetAddresses] Adding IP addresses for network interface Intel(R) Wireless-AC 9560 160MHz-Native WiFi Filter Driver-0000
2024-11-12T01:28:38.159+0100 [DEBUG] [org.gradle.internal.remote.internal.inet.InetAddresses] Is this a loopback interface? false
2024-11-12T01:28:38.160+0100 [DEBUG] [org.gradle.internal.remote.internal.inet.InetAddresses] Adding IP addresses for network interface Intel(R) Wireless-AC 9560 160MHz-Realtek NDIS LightWeight Filter (NDIS 6.40)-0000
2024-11-12T01:28:38.160+0100 [DEBUG] [org.gradle.internal.remote.internal.inet.InetAddresses] Is this a loopback interface? false
2024-11-12T01:28:38.160+0100 [DEBUG] [org.gradle.internal.remote.internal.inet.InetAddresses] Adding IP addresses for network interface Intel(R) Wireless-AC 9560 160MHz-QoS Packet Scheduler-0000
2024-11-12T01:28:38.161+0100 [DEBUG] [org.gradle.internal.remote.internal.inet.InetAddresses] Is this a loopback interface? false
2024-11-12T01:28:38.161+0100 [DEBUG] [org.gradle.internal.remote.internal.inet.InetAddresses] Adding IP addresses for network interface Intel(R) Wireless-AC 9560 160MHz-WFP 802.3 MAC Layer LightWeight Filter-0000
2024-11-12T01:28:38.162+0100 [DEBUG] [org.gradle.internal.remote.internal.inet.InetAddresses] Is this a loopback interface? false
2024-11-12T01:28:38.163+0100 [DEBUG] [org.gradle.internal.remote.internal.inet.InetAddresses] Adding IP addresses for network interface Microsoft Wi-Fi Direct Virtual Adapter-WFP Native MAC Layer LightWeight Filter-0000
2024-11-12T01:28:38.164+0100 [DEBUG] [org.gradle.internal.remote.internal.inet.InetAddresses] Is this a loopback interface? false
2024-11-12T01:28:38.164+0100 [DEBUG] [org.gradle.internal.remote.internal.inet.InetAddresses] Adding IP addresses for network interface Microsoft Wi-Fi Direct Virtual Adapter-Native WiFi Filter Driver-0000
2024-11-12T01:28:38.165+0100 [DEBUG] [org.gradle.internal.remote.internal.inet.InetAddresses] Is this a loopback interface? false
2024-11-12T01:28:38.165+0100 [DEBUG] [org.gradle.internal.remote.internal.inet.InetAddresses] Adding IP addresses for network interface Microsoft Wi-Fi Direct Virtual Adapter-Realtek NDIS LightWeight Filter (NDIS 6.40)-0000
2024-11-12T01:28:38.165+0100 [DEBUG] [org.gradle.internal.remote.internal.inet.InetAddresses] Is this a loopback interface? false
2024-11-12T01:28:38.166+0100 [DEBUG] [org.gradle.internal.remote.internal.inet.InetAddresses] Adding IP addresses for network interface Microsoft Wi-Fi Direct Virtual Adapter-QoS Packet Scheduler-0000
2024-11-12T01:28:38.166+0100 [DEBUG] [org.gradle.internal.remote.internal.inet.InetAddresses] Is this a loopback interface? false
2024-11-12T01:28:38.167+0100 [DEBUG] [org.gradle.internal.remote.internal.inet.InetAddresses] Adding IP addresses for network interface Microsoft Wi-Fi Direct Virtual Adapter-WFP 802.3 MAC Layer LightWeight Filter-0000
2024-11-12T01:28:38.167+0100 [DEBUG] [org.gradle.internal.remote.internal.inet.InetAddresses] Is this a loopback interface? false
2024-11-12T01:28:38.168+0100 [DEBUG] [org.gradle.internal.remote.internal.inet.InetAddresses] Adding IP addresses for network interface Microsoft Wi-Fi Direct Virtual Adapter #2-WFP Native MAC Layer LightWeight Filter-0000
2024-11-12T01:28:38.168+0100 [DEBUG] [org.gradle.internal.remote.internal.inet.InetAddresses] Is this a loopback interface? false
2024-11-12T01:28:38.169+0100 [DEBUG] [org.gradle.internal.remote.internal.inet.InetAddresses] Adding IP addresses for network interface Microsoft Wi-Fi Direct Virtual Adapter #2-Native WiFi Filter Driver-0000
2024-11-12T01:28:38.169+0100 [DEBUG] [org.gradle.internal.remote.internal.inet.InetAddresses] Is this a loopback interface? false
2024-11-12T01:28:38.169+0100 [DEBUG] [org.gradle.internal.remote.internal.inet.InetAddresses] Adding IP addresses for network interface Microsoft Wi-Fi Direct Virtual Adapter #2-Realtek NDIS LightWeight Filter (NDIS 6.40)-0000
2024-11-12T01:28:38.170+0100 [DEBUG] [org.gradle.internal.remote.internal.inet.InetAddresses] Is this a loopback interface? false
2024-11-12T01:28:38.170+0100 [DEBUG] [org.gradle.internal.remote.internal.inet.InetAddresses] Adding IP addresses for network interface Microsoft Wi-Fi Direct Virtual Adapter #2-QoS Packet Scheduler-0000
2024-11-12T01:28:38.171+0100 [DEBUG] [org.gradle.internal.remote.internal.inet.InetAddresses] Is this a loopback interface? false
2024-11-12T01:28:38.171+0100 [DEBUG] [org.gradle.internal.remote.internal.inet.InetAddresses] Adding IP addresses for network interface Microsoft Wi-Fi Direct Virtual Adapter #2-WFP 802.3 MAC Layer LightWeight Filter-0000
2024-11-12T01:28:38.172+0100 [DEBUG] [org.gradle.internal.remote.internal.inet.InetAddresses] Is this a loopback interface? false
2024-11-12T01:28:38.172+0100 [DEBUG] [org.gradle.internal.remote.internal.inet.InetAddresses] Adding IP addresses for network interface Intel(R) Wireless-AC 9560 160MHz
2024-11-12T01:28:38.173+0100 [DEBUG] [org.gradle.internal.remote.internal.inet.InetAddresses] Is this a loopback interface? false
2024-11-12T01:28:38.173+0100 [DEBUG] [org.gradle.internal.remote.internal.inet.InetAddresses] Adding remote address /fe80:0:0:0:df04:5e20:125e:1b04%wireless_32768
2024-11-12T01:28:38.174+0100 [DEBUG] [org.gradle.internal.remote.internal.inet.InetAddresses] Adding remote address /fdc9:9f69:32cf:288c:bdf1:dede:3f8c:68d
2024-11-12T01:28:38.174+0100 [DEBUG] [org.gradle.internal.remote.internal.inet.InetAddresses] Adding remote address /fdc9:9f69:32cf:288c:280b:e209:f641:4f28
2024-11-12T01:28:38.174+0100 [DEBUG] [org.gradle.internal.remote.internal.inet.InetAddresses] Adding remote address /192.168.1.21
2024-11-12T01:28:38.175+0100 [DEBUG] [org.gradle.internal.remote.internal.inet.InetAddresses] Adding IP addresses for network interface Microsoft Wi-Fi Direct Virtual Adapter
2024-11-12T01:28:38.175+0100 [DEBUG] [org.gradle.internal.remote.internal.inet.InetAddresses] Is this a loopback interface? false
2024-11-12T01:28:38.176+0100 [DEBUG] [org.gradle.internal.remote.internal.inet.InetAddresses] Adding remote address /fe80:0:0:0:5340:e0e8:8994:2ff2%wireless_32769
2024-11-12T01:28:38.176+0100 [DEBUG] [org.gradle.internal.remote.internal.inet.InetAddresses] Adding IP addresses for network interface Microsoft Wi-Fi Direct Virtual Adapter #2
2024-11-12T01:28:38.176+0100 [DEBUG] [org.gradle.internal.remote.internal.inet.InetAddresses] Is this a loopback interface? false
2024-11-12T01:28:38.177+0100 [DEBUG] [org.gradle.internal.remote.internal.inet.InetAddresses] Adding remote address /fe80:0:0:0:46d4:c578:fa1f:b0a3%wireless_32770
2024-11-12T01:28:38.177+0100 [DEBUG] [org.gradle.internal.remote.internal.inet.InetAddresses] Adding IP addresses for network interface Microsoft Teredo Tunneling Adapter
2024-11-12T01:28:38.178+0100 [DEBUG] [org.gradle.internal.remote.internal.inet.InetAddresses] Is this a loopback interface? false
2024-11-12T01:28:38.178+0100 [DEBUG] [org.gradle.internal.remote.internal.inet.InetAddresses] Adding IP addresses for network interface Microsoft IP-HTTPS Platform Adapter
2024-11-12T01:28:38.178+0100 [DEBUG] [org.gradle.internal.remote.internal.inet.InetAddresses] Is this a loopback interface? false
2024-11-12T01:28:38.179+0100 [DEBUG] [org.gradle.internal.remote.internal.inet.InetAddresses] Adding IP addresses for network interface Microsoft 6to4 Adapter
2024-11-12T01:28:38.179+0100 [DEBUG] [org.gradle.internal.remote.internal.inet.InetAddresses] Is this a loopback interface? false
2024-11-12T01:28:38.180+0100 [DEBUG] [org.gradle.internal.remote.internal.inet.InetAddresses] Adding IP addresses for network interface WAN Miniport (SSTP)
2024-11-12T01:28:38.180+0100 [DEBUG] [org.gradle.internal.remote.internal.inet.InetAddresses] Is this a loopback interface? false
2024-11-12T01:28:38.180+0100 [DEBUG] [org.gradle.internal.remote.internal.inet.InetAddresses] Adding IP addresses for network interface WAN Miniport (IKEv2)
2024-11-12T01:28:38.181+0100 [DEBUG] [org.gradle.internal.remote.internal.inet.InetAddresses] Is this a loopback interface? false
2024-11-12T01:28:38.181+0100 [DEBUG] [org.gradle.internal.remote.internal.inet.InetAddresses] Adding IP addresses for network interface WAN Miniport (L2TP)
2024-11-12T01:28:38.182+0100 [DEBUG] [org.gradle.internal.remote.internal.inet.InetAddresses] Is this a loopback interface? false
2024-11-12T01:28:38.182+0100 [DEBUG] [org.gradle.internal.remote.internal.inet.InetAddresses] Adding IP addresses for network interface WAN Miniport (PPTP)
2024-11-12T01:28:38.182+0100 [DEBUG] [org.gradle.internal.remote.internal.inet.InetAddresses] Is this a loopback interface? false
2024-11-12T01:28:38.188+0100 [DEBUG] [org.gradle.internal.remote.internal.inet.TcpIncomingConnector] Listening on [80030451-d906-4922-8476-0f2dab385fa4 port:4055, addresses:[localhost/127.0.0.1]].
2024-11-12T01:28:38.232+0100 [DEBUG] [org.gradle.launcher.daemon.server.Daemon] Daemon starting at: Tue Nov 12 01:28:38 CET 2024, with address: [80030451-d906-4922-8476-0f2dab385fa4 port:4055, addresses:[localhost/127.0.0.1]]
2024-11-12T01:28:38.232+0100 [INFO] [org.gradle.launcher.daemon.server.DaemonRegistryUpdater] Advertising the daemon address to the clients: [80030451-d906-4922-8476-0f2dab385fa4 port:4055, addresses:[localhost/127.0.0.1]]
2024-11-12T01:28:38.233+0100 [DEBUG] [org.gradle.launcher.daemon.server.DaemonRegistryUpdater] Advertised daemon context: DefaultDaemonContext[uid=0568873f-9fac-4ba0-9f67-2ff720232960,javaHome=D:\AndroidStudio\jbr,javaVersion=21,daemonRegistryDir=C:\Users\Caaar\Desktop\Scanner\daemon,pid=20488,idleTimeout=10800000,priority=NORMAL,applyInstrumentationAgent=true,nativeServicesMode=ENABLED,daemonOpts=--add-opens=java.base/java.util=ALL-UNNAMED,--add-opens=java.base/java.lang=ALL-UNNAMED,--add-opens=java.base/java.lang.invoke=ALL-UNNAMED,--add-opens=java.prefs/java.util.prefs=ALL-UNNAMED,--add-exports=jdk.compiler/com.sun.tools.javac.api=ALL-UNNAMED,--add-exports=jdk.compiler/com.sun.tools.javac.util=ALL-UNNAMED,--add-opens=java.base/java.nio.charset=ALL-UNNAMED,--add-opens=java.base/java.net=ALL-UNNAMED,--add-opens=java.base/java.util.concurrent.atomic=ALL-UNNAMED,-Xmx2048m,-Dfile.encoding=UTF-8,-Duser.country=ES,-Duser.language=es,-Duser.variant]
2024-11-12T01:28:38.235+0100 [DEBUG] [org.gradle.launcher.daemon.registry.PersistentDaemonRegistry] Storing daemon address: [80030451-d906-4922-8476-0f2dab385fa4 port:4055, addresses:[localhost/127.0.0.1]], context: DefaultDaemonContext[uid=0568873f-9fac-4ba0-9f67-2ff720232960,javaHome=D:\AndroidStudio\jbr,javaVersion=21,daemonRegistryDir=C:\Users\Caaar\Desktop\Scanner\daemon,pid=20488,idleTimeout=10800000,priority=NORMAL,applyInstrumentationAgent=true,nativeServicesMode=ENABLED,daemonOpts=--add-opens=java.base/java.util=ALL-UNNAMED,--add-opens=java.base/java.lang=ALL-UNNAMED,--add-opens=java.base/java.lang.invoke=ALL-UNNAMED,--add-opens=java.prefs/java.util.prefs=ALL-UNNAMED,--add-exports=jdk.compiler/com.sun.tools.javac.api=ALL-UNNAMED,--add-exports=jdk.compiler/com.sun.tools.javac.util=ALL-UNNAMED,--add-opens=java.base/java.nio.charset=ALL-UNNAMED,--add-opens=java.base/java.net=ALL-UNNAMED,--add-opens=java.base/java.util.concurrent.atomic=ALL-UNNAMED,-Xmx2048m,-Dfile.encoding=UTF-8,-Duser.country=ES,-Duser.language=es,-Duser.variant]
2024-11-12T01:28:38.263+0100 [DEBUG] [org.gradle.cache.internal.DefaultFileLockManager] Waiting to acquire exclusive lock on daemon addresses registry.
2024-11-12T01:28:38.272+0100 [DEBUG] [org.gradle.cache.internal.DefaultFileLockManager] Lock acquired on daemon addresses registry.
2024-11-12T01:28:38.280+0100 [DEBUG] [org.gradle.cache.internal.DefaultFileLockManager] Releasing lock on daemon addresses registry.
2024-11-12T01:28:38.281+0100 [LIFECYCLE] [org.gradle.launcher.daemon.server.Daemon] Daemon server started.
2024-11-12T01:28:38.284+0100 [DEBUG] [org.gradle.launcher.daemon.bootstrap.DaemonStartupCommunication] Completed writing the daemon greeting. Closing streams...
2024-11-12T01:28:38.297+0100 [DEBUG] [org.gradle.launcher.daemon.server.Daemon] stopOnExpiration() called on daemon
2024-11-12T01:28:38.299+0100 [DEBUG] [org.gradle.launcher.daemon.server.Daemon] awaitExpiration() called on daemon
2024-11-12T01:28:38.300+0100 [DEBUG] [org.gradle.launcher.daemon.server.DaemonStateCoordinator] daemon is running. Sleeping until state changes.
2024-11-12T01:28:38.302+0100 [DEBUG] [org.gradle.internal.remote.internal.inet.TcpIncomingConnector] Accepted connection from /127.0.0.1:4056 to /127.0.0.1:4055.
2024-11-12T01:28:38.598+0100 [DEBUG] [org.gradle.launcher.daemon.server.SynchronizedDispatchConnection] thread 33: received class org.gradle.launcher.daemon.protocol.Build
2024-11-12T01:28:38.598+0100 [DEBUG] [org.gradle.launcher.daemon.server.DefaultDaemonConnection] thread 33: Received non-IO message from client: Build{id=f48604a7-048f-4a46-aa89-a7862472f734, currentDir=C:\Users\Caaar\Desktop\Scanner}
2024-11-12T01:28:38.598+0100 [INFO] [org.gradle.launcher.daemon.server.DefaultIncomingConnectionHandler] Received command: Build{id=f48604a7-048f-4a46-aa89-a7862472f734, currentDir=C:\Users\Caaar\Desktop\Scanner}.
2024-11-12T01:28:38.599+0100 [DEBUG] [org.gradle.launcher.daemon.server.DefaultIncomingConnectionHandler] Starting executing command: Build{id=f48604a7-048f-4a46-aa89-a7862472f734, currentDir=C:\Users\Caaar\Desktop\Scanner} with connection: socket connection from /127.0.0.1:4055 to /127.0.0.1:4056.
2024-11-12T01:28:38.604+0100 [DEBUG] [org.gradle.launcher.daemon.server.DaemonStateCoordinator] Command execution: started DaemonCommandExecution[command = Build{id=f48604a7-048f-4a46-aa89-a7862472f734, currentDir=C:\Users\Caaar\Desktop\Scanner}, connection = DefaultDaemonConnection: socket connection from /127.0.0.1:4055 to /127.0.0.1:4056] after 0.00855 minutes of idle
2024-11-12T01:28:38.605+0100 [INFO] [org.gradle.launcher.daemon.server.DaemonRegistryUpdater] Marking the daemon as busy, address: [80030451-d906-4922-8476-0f2dab385fa4 port:4055, addresses:[localhost/127.0.0.1]]
2024-11-12T01:28:38.605+0100 [DEBUG] [org.gradle.launcher.daemon.registry.PersistentDaemonRegistry] Marking busy by address: [80030451-d906-4922-8476-0f2dab385fa4 port:4055, addresses:[localhost/127.0.0.1]]
2024-11-12T01:28:38.607+0100 [DEBUG] [org.gradle.cache.internal.DefaultFileLockManager] Waiting to acquire exclusive lock on daemon addresses registry.
2024-11-12T01:28:38.608+0100 [DEBUG] [org.gradle.cache.internal.DefaultFileLockManager] Lock acquired on daemon addresses registry.
2024-11-12T01:28:38.610+0100 [DEBUG] [org.gradle.cache.internal.DefaultFileLockManager] Releasing lock on daemon addresses registry.
2024-11-12T01:28:38.611+0100 [DEBUG] [org.gradle.launcher.daemon.server.DaemonStateCoordinator] resetting idle timer
2024-11-12T01:28:38.611+0100 [DEBUG] [org.gradle.launcher.daemon.server.DaemonStateCoordinator] daemon is running. Sleeping until state changes.
2024-11-12T01:28:38.612+0100 [INFO] [org.gradle.launcher.daemon.server.exec.StartBuildOrRespondWithBusy] Daemon is about to start building Build{id=f48604a7-048f-4a46-aa89-a7862472f734, currentDir=C:\Users\Caaar\Desktop\Scanner}. Dispatching build started information...
2024-11-12T01:28:38.613+0100 [DEBUG] [org.gradle.launcher.daemon.server.SynchronizedDispatchConnection] thread 35: dispatching org.gradle.launcher.daemon.protocol.BuildStarted@d72693e
2024-11-12T01:28:38.617+0100 [DEBUG] [org.gradle.launcher.daemon.server.exec.EstablishBuildEnvironment] Configuring env variables: [USERDOMAIN_ROAMINGPROFILE, PROCESSOR_LEVEL, RegionCode, SESSIONNAME, ALLUSERSPROFILE, INTEL_DEV_REDIST, PROCESSOR_ARCHITECTURE, MIC_LD_LIBRARY_PATH, PSModulePath, SystemDrive, USERNAME, ProgramFiles(x86), DokanLibrary1_LibraryPath_x64, FPS_BROWSER_USER_PROFILE_STRING, PATHEXT, DriverData, platformcode, ProgramData, ProgramW6432, HOMEPATH, PROCESSOR_IDENTIFIER, ProgramFiles, PUBLIC, windir, =::, LOCALAPPDATA, USERDOMAIN, LOGONSERVER, FPS_BROWSER_APP_PROFILE_STRING, OneDrive, APPDATA, EFC_9872, DokanLibrary1_LibraryPath_x86, DokanLibrary1, CommonProgramFiles, Path, OS, COMPUTERNAME, OnlineServices, PROCESSOR_REVISION, CommonProgramW6432, ComSpec, TEMP, SystemRoot, HOMEDRIVE, USERPROFILE, TMP, CommonProgramFiles(x86), NUMBER_OF_PROCESSORS]
2024-11-12T01:28:38.627+0100 [DEBUG] [org.gradle.launcher.daemon.server.exec.LogToClient] About to start relaying all logs to the client via the connection.
2024-11-12T01:28:38.627+0100 [INFO] [org.gradle.launcher.daemon.server.exec.LogToClient] The client will now receive all logging from the daemon (pid: 20488). The daemon log file: C:\Users\Caaar\Desktop\Scanner\daemon\8.9\daemon-20488.out.log
2024-11-12T01:28:38.631+0100 [INFO] [org.gradle.launcher.daemon.server.exec.LogAndCheckHealth] Starting build in new daemon [memory: 2 GiB]
2024-11-12T01:28:38.636+0100 [DEBUG] [org.gradle.launcher.daemon.server.exec.ExecuteBuild] The daemon has started executing the build.
2024-11-12T01:28:38.636+0100 [DEBUG] [org.gradle.launcher.daemon.server.exec.ExecuteBuild] Executing build with daemon context: DefaultDaemonContext[uid=0568873f-9fac-4ba0-9f67-2ff720232960,javaHome=D:\AndroidStudio\jbr,javaVersion=21,daemonRegistryDir=C:\Users\Caaar\Desktop\Scanner\daemon,pid=20488,idleTimeout=10800000,priority=NORMAL,applyInstrumentationAgent=true,nativeServicesMode=ENABLED,daemonOpts=--add-opens=java.base/java.util=ALL-UNNAMED,--add-opens=java.base/java.lang=ALL-UNNAMED,--add-opens=java.base/java.lang.invoke=ALL-UNNAMED,--add-opens=java.prefs/java.util.prefs=ALL-UNNAMED,--add-exports=jdk.compiler/com.sun.tools.javac.api=ALL-UNNAMED,--add-exports=jdk.compiler/com.sun.tools.javac.util=ALL-UNNAMED,--add-opens=java.base/java.nio.charset=ALL-UNNAMED,--add-opens=java.base/java.net=ALL-UNNAMED,--add-opens=java.base/java.util.concurrent.atomic=ALL-UNNAMED,-Xmx2048m,-Dfile.encoding=UTF-8,-Duser.country=ES,-Duser.language=es,-Duser.variant]

Deprecated Gradle features were used in this build, making it incompatible with Gradle 9.0.

You can use '--warning-mode all' to show the individual deprecation warnings and determine if they come from your own scripts or plugins.

For more on this, please refer to https://docs.gradle.org/8.9/userguide/command_line_interface.html#sec:command_line_warnings in the Gradle documentation.

BUILD SUCCESSFUL in 1m 46s
2024-11-12T01:30:12.855+0100 [DEBUG] [org.gradle.launcher.daemon.server.exec.ExecuteBuild] The daemon has finished executing the build.
2024-11-12T01:30:12.873+0100 [DEBUG] [org.gradle.launcher.daemon.server.DaemonStateCoordinator] daemon is running. Sleeping until state changes.
2024-11-12T01:30:12.874+0100 [DEBUG] [org.gradle.launcher.daemon.server.DaemonStateCoordinator] Command execution: finished waiting for DaemonCommandExecution[command = Build{id=f48604a7-048f-4a46-aa89-a7862472f734, currentDir=C:\Users\Caaar\Desktop\Scanner}, connection = DefaultDaemonConnection: socket connection from /127.0.0.1:4055 to /127.0.0.1:4056]. Result org.gradle.launcher.daemon.server.DaemonStateCoordinator@57464a5b with state Busy
2024-11-12T01:30:12.874+0100 [DEBUG] [org.gradle.launcher.daemon.server.DaemonStateCoordinator] Command execution: completed DaemonCommandExecution[command = Build{id=f48604a7-048f-4a46-aa89-a7862472f734, currentDir=C:\Users\Caaar\Desktop\Scanner}, connection = DefaultDaemonConnection: socket connection from /127.0.0.1:4055 to /127.0.0.1:4056]
2024-11-12T01:30:12.874+0100 [DEBUG] [org.gradle.launcher.daemon.server.DaemonStateCoordinator] resetting idle timer
2024-11-12T01:30:12.874+0100 [INFO] [org.gradle.launcher.daemon.server.DaemonRegistryUpdater] Marking the daemon as idle, address: [80030451-d906-4922-8476-0f2dab385fa4 port:4055, addresses:[localhost/127.0.0.1]]
2024-11-12T01:30:12.875+0100 [DEBUG] [org.gradle.launcher.daemon.registry.PersistentDaemonRegistry] Marking busy by address: [80030451-d906-4922-8476-0f2dab385fa4 port:4055, addresses:[localhost/127.0.0.1]]
2024-11-12T01:30:12.876+0100 [DEBUG] [org.gradle.cache.internal.DefaultFileLockManager] Waiting to acquire exclusive lock on daemon addresses registry.
2024-11-12T01:30:12.877+0100 [DEBUG] [org.gradle.cache.internal.DefaultFileLockManager] Lock acquired on daemon addresses registry.
2024-11-12T01:30:12.879+0100 [DEBUG] [org.gradle.cache.internal.DefaultFileLockManager] Releasing lock on daemon addresses registry.
2024-11-12T01:30:12.880+0100 [DEBUG] [org.gradle.launcher.daemon.server.DaemonStateCoordinator] daemon is running. Sleeping until state changes.
2024-11-12T01:30:12.880+0100 [DEBUG] [org.gradle.launcher.daemon.server.exec.ReturnResult] Daemon is dispatching the build result: Success[value=org.gradle.launcher.exec.BuildActionResult@65a7fbf5]
2024-11-12T01:30:12.881+0100 [DEBUG] [org.gradle.launcher.daemon.server.SynchronizedDispatchConnection] thread 32: dispatching Success[value=org.gradle.launcher.exec.BuildActionResult@65a7fbf5]
2024-11-12T01:30:12.882+0100 [DEBUG] [org.gradle.launcher.daemon.server.SynchronizedDispatchConnection] thread 33: received class org.gradle.launcher.daemon.protocol.CloseInput
2024-11-12T01:30:12.883+0100 [DEBUG] [org.gradle.launcher.daemon.server.DefaultDaemonConnection] thread 33: Received IO message from client: org.gradle.launcher.daemon.protocol.CloseInput@633ad471
2024-11-12T01:30:12.883+0100 [DEBUG] [org.gradle.launcher.daemon.server.DefaultIncomingConnectionHandler] Finishing executing command: Build{id=f48604a7-048f-4a46-aa89-a7862472f734, currentDir=C:\Users\Caaar\Desktop\Scanner}
2024-11-12T01:30:12.883+0100 [DEBUG] [org.gradle.launcher.daemon.server.exec.CleanUpVirtualFileSystemAfterBuild] Cleaning virtual file system after build finished
2024-11-12T01:30:12.883+0100 [DEBUG] [org.gradle.launcher.daemon.server.SynchronizedDispatchConnection] thread 33: received class org.gradle.launcher.daemon.protocol.Finished
2024-11-12T01:30:12.884+0100 [DEBUG] [org.gradle.launcher.daemon.server.DefaultDaemonConnection] thread 33: Received non-IO message from client: org.gradle.launcher.daemon.protocol.Finished@10cbb769
2024-11-12T01:30:12.884+0100 [DEBUG] [org.gradle.launcher.daemon.server.DefaultIncomingConnectionHandler] Received finished message: org.gradle.launcher.daemon.protocol.Finished@10cbb769
2024-11-12T01:30:12.884+0100 [DEBUG] [org.gradle.internal.remote.internal.inet.SocketConnection] Discarding EOFException: java.io.EOFException
2024-11-12T01:30:12.885+0100 [DEBUG] [org.gradle.launcher.daemon.server.SynchronizedDispatchConnection] thread 33: received null
2024-11-12T01:30:12.884+0100 [DEBUG] [org.gradle.launcher.daemon.server.SynchronizedDispatchConnection] thread 32: stopping connection
2024-11-12T01:30:12.885+0100 [DEBUG] [org.gradle.launcher.daemon.server.DefaultDaemonConnection] thread 33: Received end-of-input from client.
2024-11-12T01:30:12.889+0100 [DEBUG] [org.gradle.launcher.daemon.server.SynchronizedDispatchConnection] thread 32: stopping connection
2024-11-12T01:30:14.989+0100 [DEBUG] [org.gradle.process.internal.health.memory.DefaultMemoryManager] 1697731379 physical memory requested, 303570944 free
2024-11-12T01:30:14.990+0100 [DEBUG] [org.gradle.workers.internal.WorkerDaemonExpiration] Will attempt to release 1619 of memory
2024-11-12T01:30:14.990+0100 [DEBUG] [org.gradle.process.internal.health.memory.DefaultMemoryManager] 1697731379 physical memory requested, 0 released, 303570944 free
2024-11-12T01:30:18.308+0100 [DEBUG] [org.gradle.cache.internal.DefaultFileLockManager] Waiting to acquire shared lock on daemon addresses registry.
2024-11-12T01:30:18.309+0100 [DEBUG] [org.gradle.cache.internal.DefaultFileLockManager] Lock acquired on daemon addresses registry.
2024-11-12T01:30:18.310+0100 [DEBUG] [org.gradle.cache.internal.DefaultFileLockManager] Releasing lock on daemon addresses registry.
2024-11-12T01:30:18.313+0100 [DEBUG] [org.gradle.cache.internal.DefaultFileLockManager] Waiting to acquire shared lock on daemon addresses registry.
2024-11-12T01:30:18.314+0100 [DEBUG] [org.gradle.cache.internal.DefaultFileLockManager] Lock acquired on daemon addresses registry.
2024-11-12T01:30:18.314+0100 [DEBUG] [org.gradle.cache.internal.DefaultFileLockManager] Releasing lock on daemon addresses registry.
2024-11-12T01:30:19.987+0100 [DEBUG] [org.gradle.process.internal.health.memory.DefaultMemoryManager] 1697731379 physical memory requested, 332734464 free
2024-11-12T01:30:19.987+0100 [DEBUG] [org.gradle.workers.internal.WorkerDaemonExpiration] Will attempt to release 1619 of memory
2024-11-12T01:30:19.987+0100 [DEBUG] [org.gradle.process.internal.health.memory.DefaultMemoryManager] 1697731379 physical memory requested, 0 released, 332734464 free
2024-11-12T01:30:24.989+0100 [DEBUG] [org.gradle.process.internal.health.memory.DefaultMemoryManager] 1697731379 physical memory requested, 273002496 free
2024-11-12T01:30:24.989+0100 [DEBUG] [org.gradle.workers.internal.WorkerDaemonExpiration] Will attempt to release 1619 of memory
2024-11-12T01:30:24.989+0100 [DEBUG] [org.gradle.process.internal.health.memory.DefaultMemoryManager] 1697731379 physical memory requested, 0 released, 273002496 free
2024-11-12T01:30:28.304+0100 [DEBUG] [org.gradle.cache.internal.DefaultFileLockManager] Waiting to acquire shared lock on daemon addresses registry.
2024-11-12T01:30:28.304+0100 [DEBUG] [org.gradle.cache.internal.DefaultFileLockManager] Lock acquired on daemon addresses registry.
2024-11-12T01:30:28.306+0100 [DEBUG] [org.gradle.cache.internal.DefaultFileLockManager] Releasing lock on daemon addresses registry.
2024-11-12T01:30:28.307+0100 [DEBUG] [org.gradle.cache.internal.DefaultFileLockManager] Waiting to acquire shared lock on daemon addresses registry.
2024-11-12T01:30:28.307+0100 [DEBUG] [org.gradle.cache.internal.DefaultFileLockManager] Lock acquired on daemon addresses registry.
2024-11-12T01:30:28.307+0100 [DEBUG] [org.gradle.cache.internal.DefaultFileLockManager] Releasing lock on daemon addresses registry.
2024-11-12T01:30:28.308+0100 [DEBUG] [org.gradle.cache.internal.DefaultFileLockManager] Waiting to acquire shared lock on daemon addresses registry.
2024-11-12T01:30:28.308+0100 [DEBUG] [org.gradle.cache.internal.DefaultFileLockManager] Lock acquired on daemon addresses registry.
2024-11-12T01:30:28.308+0100 [DEBUG] [org.gradle.cache.internal.DefaultFileLockManager] Releasing lock on daemon addresses registry.
2024-11-12T01:30:29.995+0100 [DEBUG] [org.gradle.process.internal.health.memory.DefaultMemoryManager] 1697731379 physical memory requested, 342310912 free
2024-11-12T01:30:29.995+0100 [DEBUG] [org.gradle.workers.internal.WorkerDaemonExpiration] Will attempt to release 1619 of memory
2024-11-12T01:30:29.996+0100 [DEBUG] [org.gradle.process.internal.health.memory.DefaultMemoryManager] 1697731379 physical memory requested, 0 released, 342310912 free
2024-11-12T01:30:34.993+0100 [DEBUG] [org.gradle.process.internal.health.memory.DefaultMemoryManager] 1697731379 physical memory requested, 370667520 free
2024-11-12T01:30:34.993+0100 [DEBUG] [org.gradle.workers.internal.WorkerDaemonExpiration] Will attempt to release 1619 of memory
2024-11-12T01:30:34.993+0100 [DEBUG] [org.gradle.process.internal.health.memory.DefaultMemoryManager] 1697731379 physical memory requested, 0 released, 370667520 free
2024-11-12T01:30:37.637+0100 [DEBUG] [org.gradle.internal.remote.internal.inet.TcpIncomingConnector] Accepted connection from /127.0.0.1:4339 to /127.0.0.1:4055.
2024-11-12T01:30:37.641+0100 [DEBUG] [org.gradle.launcher.daemon.server.SynchronizedDispatchConnection] thread 207: received class org.gradle.launcher.daemon.protocol.Build
2024-11-12T01:30:37.642+0100 [DEBUG] [org.gradle.launcher.daemon.server.DefaultDaemonConnection] thread 207: Received non-IO message from client: Build{id=30c51132-b6d2-42c3-a49e-e73462b7023f, currentDir=C:\Users\Caaar\Desktop\Scanner}
2024-11-12T01:30:37.642+0100 [INFO] [org.gradle.launcher.daemon.server.DefaultIncomingConnectionHandler] Received command: Build{id=30c51132-b6d2-42c3-a49e-e73462b7023f, currentDir=C:\Users\Caaar\Desktop\Scanner}.
2024-11-12T01:30:37.642+0100 [DEBUG] [org.gradle.launcher.daemon.server.DefaultIncomingConnectionHandler] Starting executing command: Build{id=30c51132-b6d2-42c3-a49e-e73462b7023f, currentDir=C:\Users\Caaar\Desktop\Scanner} with connection: socket connection from /127.0.0.1:4055 to /127.0.0.1:4339.
2024-11-12T01:30:37.643+0100 [DEBUG] [org.gradle.launcher.daemon.server.DaemonStateCoordinator] Command execution: started DaemonCommandExecution[command = Build{id=30c51132-b6d2-42c3-a49e-e73462b7023f, currentDir=C:\Users\Caaar\Desktop\Scanner}, connection = DefaultDaemonConnection: socket connection from /127.0.0.1:4055 to /127.0.0.1:4339] after 0.4128 minutes of idle
2024-11-12T01:30:37.643+0100 [INFO] [org.gradle.launcher.daemon.server.DaemonRegistryUpdater] Marking the daemon as busy, address: [80030451-d906-4922-8476-0f2dab385fa4 port:4055, addresses:[localhost/127.0.0.1]]
2024-11-12T01:30:37.643+0100 [DEBUG] [org.gradle.launcher.daemon.registry.PersistentDaemonRegistry] Marking busy by address: [80030451-d906-4922-8476-0f2dab385fa4 port:4055, addresses:[localhost/127.0.0.1]]
2024-11-12T01:30:37.644+0100 [DEBUG] [org.gradle.cache.internal.DefaultFileLockManager] Waiting to acquire exclusive lock on daemon addresses registry.
2024-11-12T01:30:37.645+0100 [DEBUG] [org.gradle.cache.internal.DefaultFileLockManager] Lock acquired on daemon addresses registry.
2024-11-12T01:30:37.646+0100 [DEBUG] [org.gradle.cache.internal.DefaultFileLockManager] Releasing lock on daemon addresses registry.
2024-11-12T01:30:37.646+0100 [DEBUG] [org.gradle.launcher.daemon.server.DaemonStateCoordinator] resetting idle timer
2024-11-12T01:30:37.646+0100 [DEBUG] [org.gradle.launcher.daemon.server.DaemonStateCoordinator] daemon is running. Sleeping until state changes.
2024-11-12T01:30:37.646+0100 [INFO] [org.gradle.launcher.daemon.server.exec.StartBuildOrRespondWithBusy] Daemon is about to start building Build{id=30c51132-b6d2-42c3-a49e-e73462b7023f, currentDir=C:\Users\Caaar\Desktop\Scanner}. Dispatching build started information...
2024-11-12T01:30:37.647+0100 [DEBUG] [org.gradle.launcher.daemon.server.SynchronizedDispatchConnection] thread 35: dispatching org.gradle.launcher.daemon.protocol.BuildStarted@3566de55
2024-11-12T01:30:37.647+0100 [DEBUG] [org.gradle.launcher.daemon.server.exec.EstablishBuildEnvironment] Configuring env variables: [USERDOMAIN_ROAMINGPROFILE, PROCESSOR_LEVEL, RegionCode, SESSIONNAME, ALLUSERSPROFILE, INTEL_DEV_REDIST, PROCESSOR_ARCHITECTURE, MIC_LD_LIBRARY_PATH, PSModulePath, SystemDrive, USERNAME, ProgramFiles(x86), DokanLibrary1_LibraryPath_x64, FPS_BROWSER_USER_PROFILE_STRING, PATHEXT, DriverData, platformcode, ProgramData, ProgramW6432, HOMEPATH, PROCESSOR_IDENTIFIER, ProgramFiles, PUBLIC, windir, =::, LOCALAPPDATA, USERDOMAIN, LOGONSERVER, FPS_BROWSER_APP_PROFILE_STRING, OneDrive, APPDATA, EFC_9872, DokanLibrary1_LibraryPath_x86, DokanLibrary1, CommonProgramFiles, Path, OS, COMPUTERNAME, OnlineServices, PROCESSOR_REVISION, CommonProgramW6432, ComSpec, TEMP, SystemRoot, HOMEDRIVE, USERPROFILE, TMP, CommonProgramFiles(x86), NUMBER_OF_PROCESSORS]
2024-11-12T01:30:37.649+0100 [DEBUG] [org.gradle.launcher.daemon.server.exec.LogToClient] About to start relaying all logs to the client via the connection.
2024-11-12T01:30:37.649+0100 [INFO] [org.gradle.launcher.daemon.server.exec.LogToClient] The client will now receive all logging from the daemon (pid: 20488). The daemon log file: C:\Users\Caaar\Desktop\Scanner\daemon\8.9\daemon-20488.out.log
2024-11-12T01:30:37.650+0100 [INFO] [org.gradle.launcher.daemon.server.exec.LogAndCheckHealth] Starting 2nd build in daemon [uptime: 1 mins 59.946 secs, performance: 99%, GC rate: 0.00/s, heap usage: 0% of 2 GiB]
2024-11-12T01:30:37.650+0100 [DEBUG] [org.gradle.launcher.daemon.server.exec.ExecuteBuild] The daemon has started executing the build.
2024-11-12T01:30:37.651+0100 [DEBUG] [org.gradle.launcher.daemon.server.exec.ExecuteBuild] Executing build with daemon context: DefaultDaemonContext[uid=0568873f-9fac-4ba0-9f67-2ff720232960,javaHome=D:\AndroidStudio\jbr,javaVersion=21,daemonRegistryDir=C:\Users\Caaar\Desktop\Scanner\daemon,pid=20488,idleTimeout=10800000,priority=NORMAL,applyInstrumentationAgent=true,nativeServicesMode=ENABLED,daemonOpts=--add-opens=java.base/java.util=ALL-UNNAMED,--add-opens=java.base/java.lang=ALL-UNNAMED,--add-opens=java.base/java.lang.invoke=ALL-UNNAMED,--add-opens=java.prefs/java.util.prefs=ALL-UNNAMED,--add-exports=jdk.compiler/com.sun.tools.javac.api=ALL-UNNAMED,--add-exports=jdk.compiler/com.sun.tools.javac.util=ALL-UNNAMED,--add-opens=java.base/java.nio.charset=ALL-UNNAMED,--add-opens=java.base/java.net=ALL-UNNAMED,--add-opens=java.base/java.util.concurrent.atomic=ALL-UNNAMED,-Xmx2048m,-Dfile.encoding=UTF-8,-Duser.country=ES,-Duser.language=es,-Duser.variant]
w: file:///C:/Users/Caaar/Desktop/Scanner/app/src/main/java/com/example/scanner/BuscarProductos.kt:64:19 'updateConfiguration(Configuration!, DisplayMetrics!): Unit' is deprecated. Deprecated in Java
w: file:///C:/Users/Caaar/Desktop/Scanner/app/src/main/java/com/example/scanner/BuscarProductos.kt:250:13 Condition 'result != null' is always 'true'
w: file:///C:/Users/Caaar/Desktop/Scanner/app/src/main/java/com/example/scanner/BuscarProductos.kt:258:19 'onActivityResult(Int, Int, Intent?): Unit' is deprecated. Overrides deprecated member in 'androidx.activity.ComponentActivity'. Deprecated in Java
w: file:///C:/Users/Caaar/Desktop/Scanner/app/src/main/java/com/example/scanner/ModoInversivo.kt:10:13 'setter for systemUiVisibility: Int' is deprecated. Deprecated in Java
w: file:///C:/Users/Caaar/Desktop/Scanner/app/src/main/java/com/example/scanner/ModoInversivo.kt:11:26 'SYSTEM_UI_FLAG_IMMERSIVE: Int' is deprecated. Deprecated in Java
w: file:///C:/Users/Caaar/Desktop/Scanner/app/src/main/java/com/example/scanner/ModoInversivo.kt:12:37 'SYSTEM_UI_FLAG_HIDE_NAVIGATION: Int' is deprecated. Deprecated in Java
w: file:///C:/Users/Caaar/Desktop/Scanner/app/src/main/java/com/example/scanner/ModoInversivo.kt:13:37 'SYSTEM_UI_FLAG_FULLSCREEN: Int' is deprecated. Deprecated in Java
w: file:///C:/Users/Caaar/Desktop/Scanner/app/src/main/java/com/example/scanner/ModoInversivo.kt:14:37 'SYSTEM_UI_FLAG_LAYOUT_STABLE: Int' is deprecated. Deprecated in Java
w: file:///C:/Users/Caaar/Desktop/Scanner/app/src/main/java/com/example/scanner/ModoInversivo.kt:15:37 'SYSTEM_UI_FLAG_LAYOUT_HIDE_NAVIGATION: Int' is deprecated. Deprecated in Java
w: file:///C:/Users/Caaar/Desktop/Scanner/app/src/main/java/com/example/scanner/ModoInversivo.kt:16:37 'SYSTEM_UI_FLAG_LAYOUT_FULLSCREEN: Int' is deprecated. Deprecated in Java
w: file:///C:/Users/Caaar/Desktop/Scanner/app/src/main/java/com/example/scanner/ModoInversivo.kt:17:37 'SYSTEM_UI_FLAG_IMMERSIVE_STICKY: Int' is deprecated. Deprecated in Java
w: file:///C:/Users/Caaar/Desktop/Scanner/app/src/main/java/com/example/scanner/Ticket.kt:47:13 'onBackPressed(): Unit' is deprecated. Deprecated in Java
Java compiler version 21 has deprecated support for compiling with source/target version 8.
Try one of the following options:
    1. [Recommended] Use Java toolchain with a lower language version
    2. Set a higher source/target version
    3. Use a lower version of the JDK running the build (if you're not using Java toolchain)
For more details on how to configure these settings, see https://developer.android.com/build/jdks.
To suppress this warning, set android.javaCompile.suppressSourceTargetDeprecationWarning=true in gradle.properties.
warning: [options] source value 8 is obsolete and will be removed in a future release
warning: [options] target value 8 is obsolete and will be removed in a future release
warning: [options] To suppress warnings about obsolete options, use -Xlint:-options.
3 warnings

Deprecated Gradle features were used in this build, making it incompatible with Gradle 9.0.

You can use '--warning-mode all' to show the individual deprecation warnings and determine if they come from your own scripts or plugins.

For more on this, please refer to https://docs.gradle.org/8.9/userguide/command_line_interface.html#sec:command_line_warnings in the Gradle documentation.

BUILD SUCCESSFUL in 2m 58s
36 actionable tasks: 36 executed
2024-11-12T01:33:38.925+0100 [DEBUG] [org.gradle.launcher.daemon.server.exec.ExecuteBuild] The daemon has finished executing the build.
2024-11-12T01:33:39.108+0100 [DEBUG] [org.gradle.launcher.daemon.server.DaemonStateCoordinator] Command execution: finished waiting for DaemonCommandExecution[command = Build{id=30c51132-b6d2-42c3-a49e-e73462b7023f, currentDir=C:\Users\Caaar\Desktop\Scanner}, connection = DefaultDaemonConnection: socket connection from /127.0.0.1:4055 to /127.0.0.1:4339]. Result org.gradle.launcher.daemon.server.DaemonStateCoordinator@57464a5b with state Busy
2024-11-12T01:33:39.126+0100 [DEBUG] [org.gradle.launcher.daemon.server.DaemonStateCoordinator] Command execution: completed DaemonCommandExecution[command = Build{id=30c51132-b6d2-42c3-a49e-e73462b7023f, currentDir=C:\Users\Caaar\Desktop\Scanner}, connection = DefaultDaemonConnection: socket connection from /127.0.0.1:4055 to /127.0.0.1:4339]
2024-11-12T01:33:39.126+0100 [DEBUG] [org.gradle.launcher.daemon.server.DaemonStateCoordinator] resetting idle timer
2024-11-12T01:33:39.126+0100 [INFO] [org.gradle.launcher.daemon.server.DaemonRegistryUpdater] Marking the daemon as idle, address: [80030451-d906-4922-8476-0f2dab385fa4 port:4055, addresses:[localhost/127.0.0.1]]
2024-11-12T01:33:39.127+0100 [DEBUG] [org.gradle.launcher.daemon.registry.PersistentDaemonRegistry] Marking busy by address: [80030451-d906-4922-8476-0f2dab385fa4 port:4055, addresses:[localhost/127.0.0.1]]
2024-11-12T01:33:39.127+0100 [DEBUG] [org.gradle.cache.internal.DefaultFileLockManager] Waiting to acquire exclusive lock on daemon addresses registry.
2024-11-12T01:33:39.128+0100 [DEBUG] [org.gradle.cache.internal.DefaultFileLockManager] Lock acquired on daemon addresses registry.
2024-11-12T01:33:39.129+0100 [DEBUG] [org.gradle.cache.internal.DefaultFileLockManager] Releasing lock on daemon addresses registry.
2024-11-12T01:33:39.130+0100 [DEBUG] [org.gradle.launcher.daemon.server.exec.ReturnResult] Daemon is dispatching the build result: Success[value=org.gradle.launcher.exec.BuildActionResult@483900a9]
2024-11-12T01:33:39.130+0100 [DEBUG] [org.gradle.launcher.daemon.server.SynchronizedDispatchConnection] thread 32: dispatching Success[value=org.gradle.launcher.exec.BuildActionResult@483900a9]
2024-11-12T01:33:39.174+0100 [DEBUG] [org.gradle.launcher.daemon.server.DaemonStateCoordinator] daemon is running. Sleeping until state changes.
2024-11-12T01:33:39.282+0100 [DEBUG] [org.gradle.launcher.daemon.server.exec.CleanUpVirtualFileSystemAfterBuild] Cleaning virtual file system after build finished
2024-11-12T01:33:39.644+0100 [DEBUG] [org.gradle.launcher.daemon.server.DefaultIncomingConnectionHandler] Finishing executing command: Build{id=30c51132-b6d2-42c3-a49e-e73462b7023f, currentDir=C:\Users\Caaar\Desktop\Scanner}
2024-11-12T01:33:39.653+0100 [DEBUG] [org.gradle.launcher.daemon.server.SynchronizedDispatchConnection] thread 207: received class org.gradle.launcher.daemon.protocol.CloseInput
2024-11-12T01:33:39.653+0100 [DEBUG] [org.gradle.launcher.daemon.server.DefaultDaemonConnection] thread 207: Received IO message from client: org.gradle.launcher.daemon.protocol.CloseInput@6a9c4a94
2024-11-12T01:33:39.664+0100 [DEBUG] [org.gradle.launcher.daemon.server.SynchronizedDispatchConnection] thread 207: received class org.gradle.launcher.daemon.protocol.Finished
2024-11-12T01:33:39.664+0100 [DEBUG] [org.gradle.launcher.daemon.server.DefaultDaemonConnection] thread 207: Received non-IO message from client: org.gradle.launcher.daemon.protocol.Finished@645bb9b7
2024-11-12T01:33:39.664+0100 [DEBUG] [org.gradle.launcher.daemon.server.DefaultIncomingConnectionHandler] Received finished message: org.gradle.launcher.daemon.protocol.Finished@645bb9b7
2024-11-12T01:33:39.664+0100 [DEBUG] [org.gradle.launcher.daemon.server.SynchronizedDispatchConnection] thread 32: stopping connection
2024-11-12T01:33:39.681+0100 [DEBUG] [org.gradle.internal.remote.internal.inet.SocketConnection] Discarding EOFException: java.io.EOFException
2024-11-12T01:33:39.682+0100 [DEBUG] [org.gradle.launcher.daemon.server.SynchronizedDispatchConnection] thread 207: received null
2024-11-12T01:33:39.682+0100 [DEBUG] [org.gradle.launcher.daemon.server.DefaultDaemonConnection] thread 207: Received end-of-input from client.
2024-11-12T01:33:39.682+0100 [DEBUG] [org.gradle.launcher.daemon.server.SynchronizedDispatchConnection] thread 32: stopping connection
2024-11-12T01:33:40.332+0100 [DEBUG] [org.gradle.process.internal.health.memory.DefaultMemoryManager] 1697731379 physical memory requested, 236236800 free
2024-11-12T01:33:40.342+0100 [DEBUG] [org.gradle.workers.internal.WorkerDaemonExpiration] Will attempt to release 1619 of memory
2024-11-12T01:33:40.342+0100 [DEBUG] [org.gradle.process.internal.health.memory.DefaultMemoryManager] 1697731379 physical memory requested, 0 released, 236236800 free
2024-11-12T01:33:45.060+0100 [DEBUG] [org.gradle.process.internal.health.memory.DefaultMemoryManager] 1697731379 physical memory requested, 274001920 free
2024-11-12T01:33:45.060+0100 [DEBUG] [org.gradle.workers.internal.WorkerDaemonExpiration] Will attempt to release 1619 of memory
2024-11-12T01:33:45.060+0100 [DEBUG] [org.gradle.process.internal.health.memory.DefaultMemoryManager] 1697731379 physical memory requested, 0 released, 274001920 free
2024-11-12T01:33:48.302+0100 [DEBUG] [org.gradle.cache.internal.DefaultFileLockManager] Waiting to acquire shared lock on daemon addresses registry.
2024-11-12T01:33:48.302+0100 [DEBUG] [org.gradle.cache.internal.DefaultFileLockManager] Lock acquired on daemon addresses registry.
2024-11-12T01:33:48.302+0100 [DEBUG] [org.gradle.cache.internal.DefaultFileLockManager] Releasing lock on daemon addresses registry.
2024-11-12T01:33:48.303+0100 [DEBUG] [org.gradle.cache.internal.DefaultFileLockManager] Waiting to acquire shared lock on daemon addresses registry.
2024-11-12T01:33:48.303+0100 [DEBUG] [org.gradle.cache.internal.DefaultFileLockManager] Lock acquired on daemon addresses registry.
2024-11-12T01:33:48.304+0100 [DEBUG] [org.gradle.cache.internal.DefaultFileLockManager] Releasing lock on daemon addresses registry.
2024-11-12T01:33:49.994+0100 [DEBUG] [org.gradle.process.internal.health.memory.DefaultMemoryManager] 1697731379 physical memory requested, 286167040 free
2024-11-12T01:33:49.994+0100 [DEBUG] [org.gradle.workers.internal.WorkerDaemonExpiration] Will attempt to release 1619 of memory
2024-11-12T01:33:49.994+0100 [DEBUG] [org.gradle.process.internal.health.memory.DefaultMemoryManager] 1697731379 physical memory requested, 0 released, 286167040 free
2024-11-12T01:33:54.996+0100 [DEBUG] [org.gradle.process.internal.health.memory.DefaultMemoryManager] 1697731379 physical memory requested, 340688896 free
2024-11-12T01:33:54.997+0100 [DEBUG] [org.gradle.workers.internal.WorkerDaemonExpiration] Will attempt to release 1619 of memory
2024-11-12T01:33:54.997+0100 [DEBUG] [org.gradle.process.internal.health.memory.DefaultMemoryManager] 1697731379 physical memory requested, 0 released, 340688896 free
2024-11-12T01:33:58.312+0100 [DEBUG] [org.gradle.cache.internal.DefaultFileLockManager] Waiting to acquire shared lock on daemon addresses registry.
2024-11-12T01:33:58.312+0100 [DEBUG] [org.gradle.cache.internal.DefaultFileLockManager] Lock acquired on daemon addresses registry.
2024-11-12T01:33:58.312+0100 [DEBUG] [org.gradle.cache.internal.DefaultFileLockManager] Releasing lock on daemon addresses registry.
2024-11-12T01:33:58.313+0100 [DEBUG] [org.gradle.cache.internal.DefaultFileLockManager] Waiting to acquire shared lock on daemon addresses registry.
2024-11-12T01:33:58.313+0100 [DEBUG] [org.gradle.cache.internal.DefaultFileLockManager] Lock acquired on daemon addresses registry.
2024-11-12T01:33:58.313+0100 [DEBUG] [org.gradle.cache.internal.DefaultFileLockManager] Releasing lock on daemon addresses registry.
2024-11-12T01:33:58.490+0100 [DEBUG] [org.gradle.cache.internal.DefaultFileLockManager] Waiting to acquire shared lock on daemon addresses registry.
2024-11-12T01:33:58.491+0100 [DEBUG] [org.gradle.cache.internal.DefaultFileLockManager] Lock acquired on daemon addresses registry.
2024-11-12T01:33:58.491+0100 [DEBUG] [org.gradle.cache.internal.DefaultFileLockManager] Releasing lock on daemon addresses registry.
2024-11-12T01:33:59.999+0100 [DEBUG] [org.gradle.process.internal.health.memory.DefaultMemoryManager] 1697731379 physical memory requested, 328630272 free
2024-11-12T01:33:59.999+0100 [DEBUG] [org.gradle.workers.internal.WorkerDaemonExpiration] Will attempt to release 1619 of memory
2024-11-12T01:33:59.999+0100 [DEBUG] [org.gradle.process.internal.health.memory.DefaultMemoryManager] 1697731379 physical memory requested, 0 released, 328630272 free
2024-11-12T01:34:04.999+0100 [DEBUG] [org.gradle.process.internal.health.memory.DefaultMemoryManager] 1697731379 physical memory requested, 328896512 free
2024-11-12T01:34:04.999+0100 [DEBUG] [org.gradle.workers.internal.WorkerDaemonExpiration] Will attempt to release 1619 of memory
2024-11-12T01:34:04.999+0100 [DEBUG] [org.gradle.process.internal.health.memory.DefaultMemoryManager] 1697731379 physical memory requested, 0 released, 328896512 free
2024-11-12T01:34:08.307+0100 [DEBUG] [org.gradle.cache.internal.DefaultFileLockManager] Waiting to acquire shared lock on daemon addresses registry.
2024-11-12T01:34:08.307+0100 [DEBUG] [org.gradle.cache.internal.DefaultFileLockManager] Lock acquired on daemon addresses registry.
2024-11-12T01:34:08.307+0100 [DEBUG] [org.gradle.cache.internal.DefaultFileLockManager] Releasing lock on daemon addresses registry.
2024-11-12T01:34:08.308+0100 [DEBUG] [org.gradle.cache.internal.DefaultFileLockManager] Waiting to acquire shared lock on daemon addresses registry.
2024-11-12T01:34:08.308+0100 [DEBUG] [org.gradle.cache.internal.DefaultFileLockManager] Lock acquired on daemon addresses registry.
2024-11-12T01:34:08.308+0100 [DEBUG] [org.gradle.cache.internal.DefaultFileLockManager] Releasing lock on daemon addresses registry.
2024-11-12T01:34:08.309+0100 [DEBUG] [org.gradle.cache.internal.DefaultFileLockManager] Waiting to acquire shared lock on daemon addresses registry.
2024-11-12T01:34:08.309+0100 [DEBUG] [org.gradle.cache.internal.DefaultFileLockManager] Lock acquired on daemon addresses registry.
2024-11-12T01:34:08.310+0100 [DEBUG] [org.gradle.cache.internal.DefaultFileLockManager] Releasing lock on daemon addresses registry.
2024-11-12T01:34:09.510+0100 [DEBUG] [org.gradle.internal.remote.internal.inet.TcpIncomingConnector] Accepted connection from /127.0.0.1:4550 to /127.0.0.1:4055.
2024-11-12T01:34:09.531+0100 [DEBUG] [org.gradle.internal.remote.internal.inet.TcpIncomingConnector] Accepted connection from /127.0.0.1:4551 to /127.0.0.1:4055.
2024-11-12T01:34:09.540+0100 [DEBUG] [org.gradle.launcher.daemon.server.SynchronizedDispatchConnection] thread 419: received class org.gradle.launcher.daemon.protocol.StopWhenIdle
2024-11-12T01:34:09.540+0100 [DEBUG] [org.gradle.launcher.daemon.server.DefaultDaemonConnection] thread 419: Received non-IO message from client: StopWhenIdle[id=e29cc925-6a2a-4b2a-8019-c95eaf7d7795]
2024-11-12T01:34:09.541+0100 [INFO] [org.gradle.launcher.daemon.server.DefaultIncomingConnectionHandler] Received command: StopWhenIdle[id=e29cc925-6a2a-4b2a-8019-c95eaf7d7795].
2024-11-12T01:34:09.541+0100 [DEBUG] [org.gradle.launcher.daemon.server.DefaultIncomingConnectionHandler] Starting executing command: StopWhenIdle[id=e29cc925-6a2a-4b2a-8019-c95eaf7d7795] with connection: socket connection from /127.0.0.1:4055 to /127.0.0.1:4551.
2024-11-12T01:34:09.542+0100 [DEBUG] [org.gradle.launcher.daemon.server.DaemonRegistryUpdater] Storing daemon stop event: stop command received
2024-11-12T01:34:09.575+0100 [DEBUG] [org.gradle.launcher.daemon.registry.PersistentDaemonRegistry] Storing daemon stop event with timestamp 1731371649543
2024-11-12T01:34:09.576+0100 [DEBUG] [org.gradle.cache.internal.DefaultFileLockManager] Waiting to acquire exclusive lock on daemon addresses registry.
2024-11-12T01:34:09.577+0100 [DEBUG] [org.gradle.cache.internal.DefaultFileLockManager] Lock acquired on daemon addresses registry.
2024-11-12T01:34:09.578+0100 [DEBUG] [org.gradle.cache.internal.DefaultFileLockManager] Releasing lock on daemon addresses registry.
2024-11-12T01:34:09.579+0100 [LIFECYCLE] [org.gradle.launcher.daemon.server.DaemonStateCoordinator] Daemon will be stopped at the end of the build stop command received
2024-11-12T01:34:09.579+0100 [DEBUG] [org.gradle.launcher.daemon.server.DaemonStateCoordinator] Marking daemon stopped due to stop command received. The daemon is not running a build
2024-11-12T01:34:09.579+0100 [DEBUG] [org.gradle.launcher.daemon.server.SynchronizedDispatchConnection] thread 418: dispatching Success[value=null]
2024-11-12T01:34:09.579+0100 [DEBUG] [org.gradle.launcher.daemon.server.DaemonStateCoordinator] daemon has stopped.
2024-11-12T01:34:09.580+0100 [DEBUG] [org.gradle.launcher.daemon.server.SynchronizedDispatchConnection] thread 419: received class org.gradle.launcher.daemon.protocol.Finished
2024-11-12T01:34:09.580+0100 [DEBUG] [org.gradle.launcher.daemon.server.DefaultDaemonConnection] thread 419: Received non-IO message from client: org.gradle.launcher.daemon.protocol.Finished@1a4c37c0
2024-11-12T01:34:09.580+0100 [DEBUG] [org.gradle.launcher.daemon.server.DefaultIncomingConnectionHandler] Finishing executing command: StopWhenIdle[id=e29cc925-6a2a-4b2a-8019-c95eaf7d7795]
2024-11-12T01:34:09.580+0100 [DEBUG] [org.gradle.internal.remote.internal.inet.SocketConnection] Discarding EOFException: java.io.EOFException
2024-11-12T01:34:09.581+0100 [DEBUG] [org.gradle.launcher.daemon.server.DefaultIncomingConnectionHandler] Received finished message: org.gradle.launcher.daemon.protocol.Finished@1a4c37c0
2024-11-12T01:34:09.581+0100 [DEBUG] [org.gradle.launcher.daemon.server.SynchronizedDispatchConnection] thread 419: received null
2024-11-12T01:34:09.581+0100 [DEBUG] [org.gradle.launcher.daemon.server.SynchronizedDispatchConnection] thread 418: stopping connection
2024-11-12T01:34:09.581+0100 [DEBUG] [org.gradle.launcher.daemon.server.DefaultDaemonConnection] thread 419: Received end-of-input from client.
2024-11-12T01:34:09.582+0100 [DEBUG] [org.gradle.launcher.daemon.server.SynchronizedDispatchConnection] thread 418: stopping connection
2024-11-12T01:34:09.799+0100 [DEBUG] [org.gradle.launcher.daemon.server.SynchronizedDispatchConnection] thread 417: received class org.gradle.launcher.daemon.protocol.StopWhenIdle
2024-11-12T01:34:09.800+0100 [DEBUG] [org.gradle.launcher.daemon.server.DefaultDaemonConnection] thread 417: Received non-IO message from client: StopWhenIdle[id=8888dc48-e741-4451-80a3-c92e7e344750]
2024-11-12T01:34:09.800+0100 [INFO] [org.gradle.launcher.daemon.server.DefaultIncomingConnectionHandler] Received command: StopWhenIdle[id=8888dc48-e741-4451-80a3-c92e7e344750].
2024-11-12T01:34:09.800+0100 [DEBUG] [org.gradle.launcher.daemon.server.DefaultIncomingConnectionHandler] Starting executing command: StopWhenIdle[id=8888dc48-e741-4451-80a3-c92e7e344750] with connection: socket connection from /127.0.0.1:4055 to /127.0.0.1:4550.
2024-11-12T01:34:09.800+0100 [DEBUG] [org.gradle.launcher.daemon.server.DaemonRegistryUpdater] Storing daemon stop event: stop command received
2024-11-12T01:34:09.800+0100 [DEBUG] [org.gradle.launcher.daemon.registry.PersistentDaemonRegistry] Storing daemon stop event with timestamp 1731371649800
2024-11-12T01:34:09.802+0100 [DEBUG] [org.gradle.cache.internal.DefaultFileLockManager] Waiting to acquire exclusive lock on daemon addresses registry.
2024-11-12T01:34:09.803+0100 [DEBUG] [org.gradle.cache.internal.DefaultFileLockManager] Lock acquired on daemon addresses registry.
2024-11-12T01:34:09.805+0100 [DEBUG] [org.gradle.cache.internal.DefaultFileLockManager] Releasing lock on daemon addresses registry.
2024-11-12T01:34:09.875+0100 [DEBUG] [org.gradle.launcher.daemon.server.SynchronizedDispatchConnection] thread 32: dispatching Success[value=null]
2024-11-12T01:34:09.875+0100 [DEBUG] [org.gradle.launcher.daemon.server.Daemon] stop() called on daemon
2024-11-12T01:34:09.875+0100 [DEBUG] [org.gradle.launcher.daemon.server.DefaultIncomingConnectionHandler] Finishing executing command: StopWhenIdle[id=8888dc48-e741-4451-80a3-c92e7e344750]
2024-11-12T01:34:09.876+0100 [DEBUG] [org.gradle.launcher.daemon.server.SynchronizedDispatchConnection] thread 417: received class org.gradle.launcher.daemon.protocol.Finished
2024-11-12T01:34:09.876+0100 [INFO] [org.gradle.launcher.daemon.server.Daemon] Stop requested. Daemon is removing its presence from the registry...
2024-11-12T01:34:09.876+0100 [DEBUG] [org.gradle.launcher.daemon.server.DefaultDaemonConnection] thread 417: Received non-IO message from client: org.gradle.launcher.daemon.protocol.Finished@638188bd
2024-11-12T01:34:09.876+0100 [DEBUG] [org.gradle.launcher.daemon.server.DaemonRegistryUpdater] Removing our presence to clients, eg. removing this address from the registry: [80030451-d906-4922-8476-0f2dab385fa4 port:4055, addresses:[localhost/127.0.0.1]]
2024-11-12T01:34:09.876+0100 [DEBUG] [org.gradle.internal.remote.internal.inet.SocketConnection] Discarding EOFException: java.io.EOFException
2024-11-12T01:34:09.876+0100 [DEBUG] [org.gradle.launcher.daemon.server.DefaultIncomingConnectionHandler] Received finished message: org.gradle.launcher.daemon.protocol.Finished@638188bd
2024-11-12T01:34:09.876+0100 [DEBUG] [org.gradle.launcher.daemon.server.SynchronizedDispatchConnection] thread 417: received null
2024-11-12T01:34:09.876+0100 [DEBUG] [org.gradle.launcher.daemon.registry.PersistentDaemonRegistry] Removing daemon address: [80030451-d906-4922-8476-0f2dab385fa4 port:4055, addresses:[localhost/127.0.0.1]]
2024-11-12T01:34:09.876+0100 [DEBUG] [org.gradle.launcher.daemon.server.DefaultDaemonConnection] thread 417: Received end-of-input from client.
2024-11-12T01:34:09.876+0100 [DEBUG] [org.gradle.launcher.daemon.server.SynchronizedDispatchConnection] thread 32: stopping connection
2024-11-12T01:34:09.877+0100 [DEBUG] [org.gradle.launcher.daemon.server.SynchronizedDispatchConnection] thread 32: stopping connection
2024-11-12T01:34:09.878+0100 [DEBUG] [org.gradle.cache.internal.DefaultFileLockManager] Waiting to acquire exclusive lock on daemon addresses registry.
2024-11-12T01:34:09.879+0100 [DEBUG] [org.gradle.cache.internal.DefaultFileLockManager] Lock acquired on daemon addresses registry.
2024-11-12T01:34:09.880+0100 [DEBUG] [org.gradle.cache.internal.DefaultFileLockManager] Releasing lock on daemon addresses registry.
2024-11-12T01:34:09.880+0100 [DEBUG] [org.gradle.launcher.daemon.server.DaemonRegistryUpdater] Address removed from registry.
2024-11-12T01:34:09.993+0100 [DEBUG] [org.gradle.process.internal.health.memory.DefaultMemoryManager] 1697731379 physical memory requested, 266674176 free
2024-11-12T01:34:09.993+0100 [DEBUG] [org.gradle.process.internal.health.memory.DefaultMemoryManager] 1697731379 physical memory requested, 0 released, 266674176 free
2024-11-12T01:34:13.409+0100 [DEBUG] [org.gradle.cache.internal.LockOnDemandCrossProcessCacheAccess] Releasing file lock for jars (C:\Users\Caaar\Desktop\Scanner\caches\jars-9)
2024-11-12T01:34:13.409+0100 [DEBUG] [org.gradle.cache.internal.DefaultFileLockManager] Releasing lock on jars (C:\Users\Caaar\Desktop\Scanner\caches\jars-9).
2024-11-12T01:34:13.410+0100 [DEBUG] [org.gradle.cache.internal.DefaultCacheCleanupExecutor] jars (C:\Users\Caaar\Desktop\Scanner\caches\jars-9) has last been fully cleaned up 0 hours ago
2024-11-12T01:34:13.410+0100 [DEBUG] [org.gradle.cache.internal.DefaultCacheCleanupExecutor] Skipping cleanup for jars (C:\Users\Caaar\Desktop\Scanner\caches\jars-9) as it is not yet due
2024-11-12T01:34:13.455+0100 [DEBUG] [org.gradle.cache.internal.LockOnDemandCrossProcessCacheAccess] Releasing file lock for file content cache (C:\Users\Caaar\Desktop\Scanner\caches\8.9\fileContent)
2024-11-12T01:34:13.455+0100 [DEBUG] [org.gradle.cache.internal.DefaultFileLockManager] Releasing lock on file content cache (C:\Users\Caaar\Desktop\Scanner\caches\8.9\fileContent).
2024-11-12T01:34:13.456+0100 [DEBUG] [org.gradle.internal.watch.vfs.impl.WatchingVirtualFileSystem] Closing VFS, dropping state
2024-11-12T01:34:13.457+0100 [DEBUG] [org.gradle.cache.internal.DefaultCacheCoordinator] Cache Generated Gradle JARs cache (C:\Users\Caaar\Desktop\Scanner\caches\8.9\generated-gradle-jars) was closed 0 times.
2024-11-12T01:34:13.457+0100 [DEBUG] [org.gradle.internal.watch.registry.impl.DefaultFileWatcherRegistry] Finished listening to file system change events
2024-11-12T01:34:13.457+0100 [DEBUG] [org.gradle.cache.internal.LockOnDemandCrossProcessCacheAccess] Releasing file lock for artifact cache (C:\Users\Caaar\Desktop\Scanner\caches\modules-2)
2024-11-12T01:34:13.458+0100 [DEBUG] [org.gradle.cache.internal.btree.BTreePersistentIndexedCache] Closing cache resource-at-url.bin (C:\Users\Caaar\Desktop\Scanner\caches\modules-2\metadata-2.106\resource-at-url.bin)
2024-11-12T01:34:13.721+0100 [DEBUG] [org.gradle.cache.internal.btree.BTreePersistentIndexedCache] Closing cache module-artifact.bin (C:\Users\Caaar\Desktop\Scanner\caches\modules-2\metadata-2.106\module-artifact.bin)
2024-11-12T01:34:13.721+0100 [DEBUG] [org.gradle.cache.internal.btree.BTreePersistentIndexedCache] Closing cache module-metadata.bin (C:\Users\Caaar\Desktop\Scanner\caches\modules-2\metadata-2.106\module-metadata.bin)
2024-11-12T01:34:13.868+0100 [DEBUG] [org.gradle.cache.internal.btree.BTreePersistentIndexedCache] Closing cache module-artifacts.bin (C:\Users\Caaar\Desktop\Scanner\caches\modules-2\metadata-2.106\module-artifacts.bin)
2024-11-12T01:34:13.869+0100 [DEBUG] [org.gradle.cache.internal.DefaultFileLockManager] Releasing lock on artifact cache (C:\Users\Caaar\Desktop\Scanner\caches\modules-2).
2024-11-12T01:34:13.869+0100 [DEBUG] [org.gradle.cache.internal.DefaultCacheCleanupExecutor] artifact cache (C:\Users\Caaar\Desktop\Scanner\caches\modules-2) has last been fully cleaned up 0 hours ago
2024-11-12T01:34:13.869+0100 [DEBUG] [org.gradle.cache.internal.DefaultCacheCleanupExecutor] Skipping cleanup for artifact cache (C:\Users\Caaar\Desktop\Scanner\caches\modules-2) as it is not yet due
2024-11-12T01:34:13.981+0100 [DEBUG] [org.gradle.cache.internal.DefaultCacheCoordinator] Cache groovy-dsl (C:\Users\Caaar\Desktop\Scanner\caches\8.9\groovy-dsl) was closed 0 times.
2024-11-12T01:34:13.981+0100 [DEBUG] [org.gradle.cache.internal.DefaultCacheCoordinator] Cache Artifact transforms cache (C:\Users\Caaar\Desktop\Scanner\caches\8.9\transforms) was closed 0 times.
2024-11-12T01:34:13.982+0100 [DEBUG] [org.gradle.cache.internal.LockOnDemandCrossProcessCacheAccess] Releasing file lock for journal cache (C:\Users\Caaar\Desktop\Scanner\caches\journal-1)
2024-11-12T01:34:13.982+0100 [DEBUG] [org.gradle.cache.internal.btree.BTreePersistentIndexedCache] Closing cache file-access.bin (C:\Users\Caaar\Desktop\Scanner\caches\journal-1\file-access.bin)
2024-11-12T01:34:13.982+0100 [DEBUG] [org.gradle.cache.internal.DefaultFileLockManager] Releasing lock on journal cache (C:\Users\Caaar\Desktop\Scanner\caches\journal-1).
2024-11-12T01:34:13.982+0100 [DEBUG] [org.gradle.cache.internal.LockOnDemandCrossProcessCacheAccess] Releasing file lock for file hash cache (C:\Users\Caaar\Desktop\Scanner\caches\8.9\fileHashes)
2024-11-12T01:34:13.982+0100 [DEBUG] [org.gradle.cache.internal.btree.BTreePersistentIndexedCache] Closing cache fileHashes.bin (C:\Users\Caaar\Desktop\Scanner\caches\8.9\fileHashes\fileHashes.bin)
2024-11-12T01:34:13.983+0100 [DEBUG] [org.gradle.cache.internal.btree.BTreePersistentIndexedCache] Closing cache resourceHashesCache.bin (C:\Users\Caaar\Desktop\Scanner\caches\8.9\fileHashes\resourceHashesCache.bin)
2024-11-12T01:34:13.983+0100 [DEBUG] [org.gradle.cache.internal.DefaultFileLockManager] Releasing lock on file hash cache (C:\Users\Caaar\Desktop\Scanner\caches\8.9\fileHashes).
2024-11-12T01:34:13.983+0100 [DEBUG] [org.gradle.cache.internal.LockOnDemandCrossProcessCacheAccess] Releasing file lock for Java compile cache (C:\Users\Caaar\Desktop\Scanner\caches\8.9\javaCompile)
2024-11-12T01:34:13.983+0100 [DEBUG] [org.gradle.cache.internal.btree.BTreePersistentIndexedCache] Closing cache jarAnalysis.bin (C:\Users\Caaar\Desktop\Scanner\caches\8.9\javaCompile\jarAnalysis.bin)
2024-11-12T01:34:13.984+0100 [DEBUG] [org.gradle.cache.internal.btree.BTreePersistentIndexedCache] Closing cache classAnalysis.bin (C:\Users\Caaar\Desktop\Scanner\caches\8.9\javaCompile\classAnalysis.bin)
2024-11-12T01:34:13.984+0100 [DEBUG] [org.gradle.cache.internal.DefaultFileLockManager] Releasing lock on Java compile cache (C:\Users\Caaar\Desktop\Scanner\caches\8.9\javaCompile).
2024-11-12T01:34:14.135+0100 [DEBUG] [org.gradle.internal.operations.DefaultBuildOperationRunner] Build operation 'Deleting unused version-specific caches in C:\Users\Caaar\Desktop\Scanner\caches' started
2024-11-12T01:34:14.167+0100 [DEBUG] [org.gradle.cache.internal.VersionSpecificCacheCleanupAction] Processed version-specific caches at C:\Users\Caaar\Desktop\Scanner\caches for cleanup in 0.031 secs
2024-11-12T01:34:14.167+0100 [DEBUG] [org.gradle.internal.operations.DefaultBuildOperationRunner] Completing Build operation 'Deleting unused version-specific caches in C:\Users\Caaar\Desktop\Scanner\caches'
2024-11-12T01:34:14.167+0100 [DEBUG] [org.gradle.internal.operations.DefaultBuildOperationRunner] Build operation 'Deleting unused version-specific caches in C:\Users\Caaar\Desktop\Scanner\caches' completed
2024-11-12T01:34:14.335+0100 [DEBUG] [org.gradle.internal.operations.DefaultBuildOperationRunner] Build operation 'Deleting unused Gradle distributions in C:\Users\Caaar\Desktop\Scanner\wrapper\dists' started
2024-11-12T01:34:14.424+0100 [DEBUG] [org.gradle.internal.operations.DefaultBuildOperationRunner] Completing Build operation 'Deleting unused Gradle distributions in C:\Users\Caaar\Desktop\Scanner\wrapper\dists'
2024-11-12T01:34:14.425+0100 [DEBUG] [org.gradle.internal.operations.DefaultBuildOperationRunner] Build operation 'Deleting unused Gradle distributions in C:\Users\Caaar\Desktop\Scanner\wrapper\dists' completed
2024-11-12T01:34:14.452+0100 [DEBUG] [org.gradle.launcher.daemon.server.Daemon] stop() called on daemon
2024-11-12T01:34:14.453+0100 [INFO] [org.gradle.launcher.daemon.server.Daemon] Stop requested. Daemon is removing its presence from the registry...
2024-11-12T01:34:14.453+0100 [DEBUG] [org.gradle.launcher.daemon.server.DaemonRegistryUpdater] Removing our presence to clients, eg. removing this address from the registry: [80030451-d906-4922-8476-0f2dab385fa4 port:4055, addresses:[localhost/127.0.0.1]]
2024-11-12T01:34:14.453+0100 [DEBUG] [org.gradle.launcher.daemon.registry.PersistentDaemonRegistry] Removing daemon address: [80030451-d906-4922-8476-0f2dab385fa4 port:4055, addresses:[localhost/127.0.0.1]]
2024-11-12T01:34:14.453+0100 [DEBUG] [org.gradle.cache.internal.DefaultFileLockManager] Waiting to acquire exclusive lock on daemon addresses registry.
2024-11-12T01:34:14.454+0100 [DEBUG] [org.gradle.cache.internal.DefaultFileLockManager] Lock acquired on daemon addresses registry.
2024-11-12T01:34:14.454+0100 [DEBUG] [org.gradle.cache.internal.DefaultFileLockManager] Releasing lock on daemon addresses registry.
2024-11-12T01:34:14.455+0100 [DEBUG] [org.gradle.launcher.daemon.server.DaemonRegistryUpdater] Address removed from registry.
2024-11-12T01:34:14.583+0100 [DEBUG] [org.gradle.cache.internal.locklistener.DefaultFileLockContentionHandler] File lock listener thread completed.
2024-11-12T01:34:14.848+0100 [DEBUG] [java.lang.Runtime] Runtime.exit() called with status: 0
java.lang.Throwable: Runtime.exit(0)
	at java.base/java.lang.Shutdown.logRuntimeExit(Unknown Source)
	at java.base/java.lang.Shutdown.exit(Unknown Source)
	at java.base/java.lang.Runtime.exit(Unknown Source)
	at java.base/java.lang.System.exit(Unknown Source)
	at org.gradle.launcher.bootstrap.ProcessCompleter.complete(ProcessCompleter.java:21)
	at org.gradle.launcher.bootstrap.EntryPoint.run(EntryPoint.java:61)
	at java.base/jdk.internal.reflect.DirectMethodHandleAccessor.invoke(Unknown Source)
	at java.base/java.lang.reflect.Method.invoke(Unknown Source)
	at org.gradle.launcher.bootstrap.ProcessBootstrap.runNoExit(ProcessBootstrap.java:60)
	at org.gradle.launcher.bootstrap.ProcessBootstrap.run(ProcessBootstrap.java:37)
	at org.gradle.launcher.daemon.bootstrap.GradleDaemon.main(GradleDaemon.java:22)
Daemon vm is shutting down... The daemon has exited normally or was terminated in response to a user interrupt.
2024-11-12T01:34:14.848+0100 [DEBUG] [org.gradle.launcher.daemon.registry.PersistentDaemonRegistry] Removing daemon address: [80030451-d906-4922-8476-0f2dab385fa4 port:4055, addresses:[localhost/127.0.0.1]]
2024-11-12T01:34:14.859+0100 [DEBUG] [org.gradle.launcher.daemon.server.Daemon] VM shutdown hook was unable to remove the daemon address from the registry. It will be cleaned up later.
java.lang.IllegalStateException: Cannot start managing file contention because this handler has been closed.
	at org.gradle.cache.internal.locklistener.DefaultFileLockContentionHandler.assertNotStopped(DefaultFileLockContentionHandler.java:217)
	at org.gradle.cache.internal.locklistener.DefaultFileLockContentionHandler.getCommunicator(DefaultFileLockContentionHandler.java:260)
	at org.gradle.cache.internal.locklistener.DefaultFileLockContentionHandler.reservePort(DefaultFileLockContentionHandler.java:254)
	at org.gradle.cache.internal.DefaultFileLockManager.lock(DefaultFileLockManager.java:124)
	at org.gradle.cache.internal.DefaultFileLockManager.lock(DefaultFileLockManager.java:106)
	at org.gradle.cache.internal.DefaultFileLockManager.lock(DefaultFileLockManager.java:101)
	at org.gradle.cache.internal.OnDemandFileAccess.updateFile(OnDemandFileAccess.java:51)
	at org.gradle.cache.internal.FileBackedObjectHolder.update(FileBackedObjectHolder.java:77)
	at org.gradle.cache.internal.FileIntegrityViolationSuppressingObjectHolderDecorator.lambda$update$0(FileIntegrityViolationSuppressingObjectHolderDecorator.java:48)
	at org.gradle.cache.internal.FileIntegrityViolationSuppressingObjectHolderDecorator.doUpdate(FileIntegrityViolationSuppressingObjectHolderDecorator.java:58)
	at org.gradle.cache.internal.FileIntegrityViolationSuppressingObjectHolderDecorator.update(FileIntegrityViolationSuppressingObjectHolderDecorator.java:48)
	at org.gradle.launcher.daemon.registry.PersistentDaemonRegistry.remove(PersistentDaemonRegistry.java:133)
	at org.gradle.launcher.daemon.server.Daemon$1.run(Daemon.java:133)
	at java.base/java.lang.Thread.run(Unknown Source)
